<?xml version="1.0" encoding="UTF-8"?>
<Site BuildName="Win32-MSBuild"
	BuildStamp="20211110-0400-Nightly"
	Name="DESKTOP-AHQHOT1"
	Generator="ctest-3.15.5"
	CompilerName="C:/Program Files (x86)/Microsoft Visual Studio/2019/Community/VC/Tools/MSVC/14.29.30133/bin/Hostx64/x64/cl.exe"
	CompilerVersion="19.29.30136.0"
	OSName="Windows"
	Hostname="DESKTOP-AHQHOT1"
	OSRelease=" Professional"
	OSVersion=" (Build 19041)"
	OSPlatform="x86"
	Is64Bits="1"
	VendorString="GenuineIntel"
	VendorID="Intel Corporation"
	FamilyID="6"
	ModelID="14"
	ProcessorCacheSize="-1"
	NumberOfLogicalCPU="8"
	NumberOfPhysicalCPU="4"
	TotalVirtualMemory="26052"
	TotalPhysicalMemory="16324"
	LogicalProcessorsPerPhysical="2"
	ProcessorClockFrequency="3600"
	>
	<Build>
		<StartDateTime>Nov 10 15:37 China Standard Time</StartDateTime>
		<StartBuildTime>1636529878</StartBuildTime>
		<BuildCommand>D:\loads\bin\cmake.exe --build . --config "Debug"</BuildCommand>
		<Error>
			<BuildLogLine>5</BuildLogLine>
			<Text>CMake Error at CMakeLists.txt:12 (add_test):</Text>
			<PreContext>CMake is re-running because /.../Hello world/Builld/CMakeFiles/generate.stamp is out-of-date.
  the file '/.../Hello world/CMakeLists.txt'
  is newer than '/.../Hello world/Builld/CMakeFiles/generate.stamp.depend'
  result='-1'
</PreContext>
			<PostContext>  Syntax error in cmake code at

    /.../Hello world/CMakeLists.txt:12

  when parsing string

    ${CMAKE_CURRENT_BINARY_DIR)}/${PROJECT_NAME}

  Invalid character (')') in a variable name: 'CMAKE_CURRENT_BINARY_DIR'
</PostContext>
			<RepeatCount>0</RepeatCount>
		</Error>
		<Warning>
			<BuildLogLine>1</BuildLogLine>
			<Text>*** WARNING non-zero return value in ctest from: D:\loads\bin\cmake.exe</Text>
			<PreContext></PreContext>
			<PostContext></PostContext>
			<RepeatCount>0</RepeatCount>
		</Warning>
		<Log Encoding="base64" Compression="bin/gzip"/>
		<EndDateTime>Nov 10 15:37 China Standard Time</EndDateTime>
		<EndBuildTime>1636529878</EndBuildTime>
		<ElapsedMinutes>0</ElapsedMinutes>
	</Build>
</Site>
