<?xml version="1.0" encoding="UTF-8"?>
<Site BuildName="Win32-MSBuild"
	BuildStamp="20211110-0856-Experimental"
	Name="DESKTOP-AHQHOT1"
	Generator="ctest-3.15.5"
	CompilerName="C:/Program Files (x86)/Microsoft Visual Studio/2019/Community/VC/Tools/MSVC/14.29.30133/bin/Hostx64/x64/cl.exe"
	CompilerVersion="19.29.30136.0"
	OSName="Windows"
	Hostname="DESKTOP-AHQHOT1"
	OSRelease=" Professional"
	OSVersion=" (Build 19041)"
	OSPlatform="x86"
	Is64Bits="1"
	VendorString="GenuineIntel"
	VendorID="Intel Corporation"
	FamilyID="6"
	ModelID="14"
	ProcessorCacheSize="-1"
	NumberOfLogicalCPU="8"
	NumberOfPhysicalCPU="4"
	TotalVirtualMemory="26052"
	TotalPhysicalMemory="16324"
	LogicalProcessorsPerPhysical="2"
	ProcessorClockFrequency="3600"
	>
	<Testing>
		<StartDateTime>Nov 10 16:56 China Standard Time</StartDateTime>
		<StartTestTime>1636534618</StartTestTime>
		<TestList>
			<Test>./test1</Test>
		</TestList>
		<Test Status="failed">
			<Name>test1</Name>
			<Path>.</Path>
			<FullName>./test1</FullName>
			<FullCommandLine>"E:\WORK REPORT\Hello world\Builld\Debug\HelloWorld.exe" "someparameteres"</FullCommandLine>
			<Results>
				<NamedMeasurement type="text/string" name="Exit Code">
					<Value>Failed</Value>
				</NamedMeasurement>
				<NamedMeasurement type="text/string" name="Exit Value">
					<Value>1</Value>
				</NamedMeasurement>
				<NamedMeasurement type="numeric/double" name="Execution Time">
					<Value>0.0077987</Value>
				</NamedMeasurement>
				<NamedMeasurement type="numeric/double" name="Processors">
					<Value>1</Value>
				</NamedMeasurement>
				<NamedMeasurement type="text/string" name="Completion Status">
					<Value>Completed</Value>
				</NamedMeasurement>
				<NamedMeasurement type="text/string" name="Command Line">
					<Value>"E:\WORK REPORT\Hello world\Builld\Debug\HelloWorld.exe" "someparameteres"</Value>
				</NamedMeasurement>
				<Measurement>
					<Value></Value>
				</Measurement>
			</Results>
		</Test>
		<EndDateTime>Nov 10 16:56 China Standard Time</EndDateTime>
		<EndTestTime>1636534618</EndTestTime>
		<ElapsedMinutes>0</ElapsedMinutes>
	</Testing>
</Site>
