Start testing: Nov 11 09:59 China Standard Time
----------------------------------------------------------
1/2 Testing: test1
1/2 Test: test1
Command: "E:/WORK REPORT/Hello world/Builld/Debug/HelloWorld.exe"
Directory: E:/WORK REPORT/Hello world/Builld
"test1" start time: Nov 11 09:59 China Standard Time
Output:
----------------------------------------------------------
hello Mr.Gong
<end of output>
Test time =   0.01 sec
----------------------------------------------------------
Test Passed.
"test1" end time: Nov 11 09:59 China Standard Time
"test1" time elapsed: 00:00:00
----------------------------------------------------------

2/2 Testing: test2
2/2 Test: test2
Command: "E:/WORK REPORT/Hello world/Builld/Debug/HelloWorld.exe" "someparameteres"
Directory: E:/WORK REPORT/Hello world/Builld
"test2" start time: Nov 11 09:59 China Standard Time
Output:
----------------------------------------------------------
<end of output>
Test time =   0.01 sec
----------------------------------------------------------
Test Failed.
"test2" end time: Nov 11 09:59 China Standard Time
"test2" time elapsed: 00:00:00
----------------------------------------------------------

End testing: Nov 11 09:59 China Standard Time
