Start testing: Nov 10 16:54 China Standard Time
----------------------------------------------------------
1/1 Testing: test1
1/1 Test: test1
Command: "E:/WORK REPORT/Hello world/Builld/Debug/HelloWorld.exe" "someparameteres"
Directory: E:/WORK REPORT/Hello world/Builld
"test1" start time: Nov 10 16:54 China Standard Time
Output:
----------------------------------------------------------
<end of output>
Test time =   0.12 sec
----------------------------------------------------------
Test Failed.
"test1" end time: Nov 10 16:54 China Standard Time
"test1" time elapsed: 00:00:00
----------------------------------------------------------

End testing: Nov 10 16:54 China Standard Time
